<?xml version="1.0" encoding="UTF-8"?>
<!-- Generated by org.testng.reporters.JUnitReportReporter -->
<testsuite hostname="Mahantesh" failures="0" tests="1" name="com.guru99bank.testcases.TC_001_LoginPage" time="13.686" errors="0" timestamp="2022-09-17T15:44:52 IST" skipped="0">
  <testcase classname="com.guru99bank.testcases.TC_001_LoginPage" name="LoginTest" time="13.686"/>
  <system-out/>
</testsuite> <!-- com.guru99bank.testcases.TC_001_LoginPage -->
