<?xml version="1.0" encoding="UTF-8"?>
<!-- Generated by org.testng.reporters.JUnitReportReporter -->
<testsuite hostname="Mahantesh" failures="0" tests="1" name="com.guru99bank.testcases.TC_001_LoginPage" time="70.031" errors="0" timestamp="2022-09-20T19:47:04 IST" skipped="0">
  <testcase classname="com.guru99bank.testcases.TC_001_LoginPage" name="LoginTest" time="70.031"/>
  <system-out/>
</testsuite> <!-- com.guru99bank.testcases.TC_001_LoginPage -->
