<?xml version="1.0" encoding="UTF-8"?>
<!-- Generated by org.testng.reporters.JUnitReportReporter -->
<testsuite hostname="Mahantesh" failures="0" tests="1" name="com.guru99bank.testcases.TC_002_NewCust" time="110.682" errors="0" timestamp="2022-09-20T20:08:59 IST" skipped="0">
  <testcase classname="com.guru99bank.testcases.TC_002_NewCust" name="addNewCust" time="110.682"/>
  <system-out/>
</testsuite> <!-- com.guru99bank.testcases.TC_002_NewCust -->
