<?xml version="1.0" encoding="UTF-8"?>
<!-- Generated by org.testng.reporters.JUnitReportReporter -->
<testsuite hostname="Mahantesh" failures="0" tests="1" name="com.guru99bank.testcases.TC_003_NewAccount" time="124.663" errors="0" timestamp="2022-09-20T20:43:31 IST" skipped="0">
  <testcase classname="com.guru99bank.testcases.TC_003_NewAccount" name="AddNewAccount" time="124.663"/>
  <system-out/>
</testsuite> <!-- com.guru99bank.testcases.TC_003_NewAccount -->
